# JRE version: Java(TM) SE Runtime Environment (13.0.1+9) (build 13.0.1+9)
# Java VM: Java HotSpot(TM) 64-Bit Server VM (13.0.1+9, mixed mode, sharing, tiered, compressed oops, g1 gc, windows-amd64)
Heap:
 garbage-first heap   total 783360K, used 468480K [0x00000000c1c00000, 0x0000000100000000)
  region size 1024K, 40 young (40960K), 7 survivors (7168K)
 Metaspace       used 9315K, capacity 9597K, committed 9728K, reserved 1058816K
  class space    used 1133K, capacity 1246K, committed 1280K, reserved 1048576K
GC Heap History (20 events):
Event: 17.769 GC heap before
{Heap before GC invocations=33 (full 0):
 garbage-first heap   total 249856K, used 145610K [0x00000000c1c00000, 0x0000000100000000)
  region size 1024K, 65 young (66560K), 1 survivors (1024K)
 Metaspace       used 9299K, capacity 9596K, committed 9728K, reserved 1058816K
  class space    used 1133K, capacity 1246K, committed 1280K, reserved 1048576K
}
Event: 17.819 GC heap after
{Heap after GC invocations=34 (full 0):
 garbage-first heap   total 249856K, used 142122K [0x00000000c1c00000, 0x0000000100000000)
  region size 1024K, 9 young (9216K), 9 survivors (9216K)
 Metaspace       used 9299K, capacity 9596K, committed 9728K, reserved 1058816K
  class space    used 1133K, capacity 1246K, committed 1280K, reserved 1048576K
}
Event: 18.222 GC heap before
{Heap before GC invocations=34 (full 0):
 garbage-first heap   total 249856K, used 171818K [0x00000000c1c00000, 0x0000000100000000)
  region size 1024K, 38 young (38912K), 9 survivors (9216K)
 Metaspace       used 9310K, capacity 9597K, committed 9728K, reserved 1058816K
  class space    used 1133K, capacity 1246K, committed 1280K, reserved 1048576K
}
Event: 18.254 GC heap after
{Heap after GC invocations=35 (full 0):
 garbage-first heap   total 249856K, used 165376K [0x00000000c1c00000, 0x0000000100000000)
  region size 1024K, 5 young (5120K), 5 survivors (5120K)
 Metaspace       used 9310K, capacity 9597K, committed 9728K, reserved 1058816K
  class space    used 1133K, capacity 1246K, committed 1280K, reserved 1048576K
}
Event: 18.403 GC heap before
{Heap before GC invocations=35 (full 0):
 garbage-first heap   total 295936K, used 177664K [0x00000000c1c00000, 0x0000000100000000)
  region size 1024K, 17 young (17408K), 5 survivors (5120K)
 Metaspace       used 9310K, capacity 9597K, committed 9728K, reserved 1058816K
  class space    used 1133K, capacity 1246K, committed 1280K, reserved 1048576K
}
Event: 18.418 GC heap after
{Heap after GC invocations=36 (full 0):
 garbage-first heap   total 295936K, used 176128K [0x00000000c1c00000, 0x0000000100000000)
  region size 1024K, 3 young (3072K), 3 survivors (3072K)
 Metaspace       used 9310K, capacity 9597K, committed 9728K, reserved 1058816K
  class space    used 1133K, capacity 1246K, committed 1280K, reserved 1048576K
}
Event: 18.774 GC heap before
{Heap before GC invocations=37 (full 0):
 garbage-first heap   total 295936K, used 207872K [0x00000000c1c00000, 0x0000000100000000)
  region size 1024K, 34 young (34816K), 3 survivors (3072K)
 Metaspace       used 9315K, capacity 9597K, committed 9728K, reserved 1058816K
  class space    used 1133K, capacity 1246K, committed 1280K, reserved 1048576K
}
Event: 18.797 GC heap after
{Heap after GC invocations=38 (full 0):
 garbage-first heap   total 585728K, used 200704K [0x00000000c1c00000, 0x0000000100000000)
  region size 1024K, 5 young (5120K), 5 survivors (5120K)
 Metaspace       used 9315K, capacity 9597K, committed 9728K, reserved 1058816K
  class space    used 1133K, capacity 1246K, committed 1280K, reserved 1048576K
}
Event: 19.625 GC heap before
{Heap before GC invocations=38 (full 0):
 garbage-first heap   total 585728K, used 267264K [0x00000000c1c00000, 0x0000000100000000)
  region size 1024K, 70 young (71680K), 5 survivors (5120K)
 Metaspace       used 9315K, capacity 9597K, committed 9728K, reserved 1058816K
  class space    used 1133K, capacity 1246K, committed 1280K, reserved 1048576K
}
Event: 19.673 GC heap after
{Heap after GC invocations=39 (full 0):
 garbage-first heap   total 585728K, used 251882K [0x00000000c1c00000, 0x0000000100000000)
  region size 1024K, 9 young (9216K), 9 survivors (9216K)
 Metaspace       used 9315K, capacity 9597K, committed 9728K, reserved 1058816K
  class space    used 1133K, capacity 1246K, committed 1280K, reserved 1048576K
}
Event: 19.928 GC heap before
{Heap before GC invocations=39 (full 0):
 garbage-first heap   total 585728K, used 273386K [0x00000000c1c00000, 0x0000000100000000)
  region size 1024K, 30 young (30720K), 9 survivors (9216K)
 Metaspace       used 9315K, capacity 9597K, committed 9728K, reserved 1058816K
  class space    used 1133K, capacity 1246K, committed 1280K, reserved 1048576K
}
Event: 19.951 GC heap after
{Heap after GC invocations=40 (full 0):
 garbage-first heap   total 585728K, used 270336K [0x00000000c1c00000, 0x0000000100000000)
  region size 1024K, 4 young (4096K), 4 survivors (4096K)
 Metaspace       used 9315K, capacity 9597K, committed 9728K, reserved 1058816K
  class space    used 1133K, capacity 1246K, committed 1280K, reserved 1048576K
}
Event: 20.838 GC heap before
{Heap before GC invocations=40 (full 0):
 garbage-first heap   total 585728K, used 353280K [0x00000000c1c00000, 0x0000000100000000)
  region size 1024K, 85 young (87040K), 4 survivors (4096K)
 Metaspace       used 9315K, capacity 9597K, committed 9728K, reserved 1058816K
  class space    used 1133K, capacity 1246K, committed 1280K, reserved 1048576K
}
Event: 20.879 GC heap after
{Heap after GC invocations=41 (full 0):
 garbage-first heap   total 585728K, used 333824K [0x00000000c1c00000, 0x0000000100000000)
  region size 1024K, 11 young (11264K), 11 survivors (11264K)
 Metaspace       used 9315K, capacity 9597K, committed 9728K, reserved 1058816K
  class space    used 1133K, capacity 1246K, committed 1280K, reserved 1048576K
}
Event: 21.210 GC heap before
{Heap before GC invocations=41 (full 0):
 garbage-first heap   total 592896K, used 357376K [0x00000000c1c00000, 0x0000000100000000)
  region size 1024K, 38 young (38912K), 11 survivors (11264K)
 Metaspace       used 9315K, capacity 9597K, committed 9728K, reserved 1058816K
  class space    used 1133K, capacity 1246K, committed 1280K, reserved 1048576K
}
Event: 21.284 GC heap after
{Heap after GC invocations=42 (full 0):
 garbage-first heap   total 658432K, used 352256K [0x00000000c1c00000, 0x0000000100000000)
  region size 1024K, 5 young (5120K), 5 survivors (5120K)
 Metaspace       used 9315K, capacity 9597K, committed 9728K, reserved 1058816K
  class space    used 1133K, capacity 1246K, committed 1280K, reserved 1048576K
}
Event: 22.198 GC heap before
{Heap before GC invocations=43 (full 0):
 garbage-first heap   total 658432K, used 432128K [0x00000000c1c00000, 0x0000000100000000)
  region size 1024K, 83 young (84992K), 5 survivors (5120K)
 Metaspace       used 9315K, capacity 9597K, committed 9728K, reserved 1058816K
  class space    used 1133K, capacity 1246K, committed 1280K, reserved 1048576K
}
Event: 22.258 GC heap after
{Heap after GC invocations=44 (full 0):
 garbage-first heap   total 658432K, used 413184K [0x00000000c1c00000, 0x0000000100000000)
  region size 1024K, 11 young (11264K), 11 survivors (11264K)
 Metaspace       used 9315K, capacity 9597K, committed 9728K, reserved 1058816K
  class space    used 1133K, capacity 1246K, committed 1280K, reserved 1048576K
}
Event: 22.680 GC heap before
{Heap before GC invocations=44 (full 0):
 garbage-first heap   total 658432K, used 454144K [0x00000000c1c00000, 0x0000000100000000)
  region size 1024K, 51 young (52224K), 11 survivors (11264K)
 Metaspace       used 9315K, capacity 9597K, committed 9728K, reserved 1058816K
  class space    used 1133K, capacity 1246K, committed 1280K, reserved 1048576K
}
Event: 22.723 GC heap after
{Heap after GC invocations=45 (full 0):
 garbage-first heap   total 658432K, used 445952K [0x00000000c1c00000, 0x0000000100000000)
  region size 1024K, 7 young (7168K), 7 survivors (7168K)
 Metaspace       used 9315K, capacity 9597K, committed 9728K, reserved 1058816K
  class space    used 1133K, capacity 1246K, committed 1280K, reserved 1048576K
}

