# JRE version: Java(TM) SE Runtime Environment (13.0.1+9) (build 13.0.1+9)
# Java VM: Java HotSpot(TM) 64-Bit Server VM (13.0.1+9, mixed mode, sharing, tiered, compressed oops, g1 gc, windows-amd64)
Heap:
 garbage-first heap   total 732160K, used 437716K [0x00000000c1c00000, 0x0000000100000000)
  region size 1024K, 141 young (144384K), 1 survivors (1024K)
 Metaspace       used 9726K, capacity 10016K, committed 10240K, reserved 1058816K
  class space    used 1138K, capacity 1279K, committed 1280K, reserved 1048576K
GC Heap History (20 events):
Event: 30.481 GC heap before
{Heap before GC invocations=36 (full 0):
 garbage-first heap   total 501760K, used 354542K [0x00000000c1c00000, 0x0000000100000000)
  region size 1024K, 58 young (59392K), 1 survivors (1024K)
 Metaspace       used 9704K, capacity 10016K, committed 10240K, reserved 1058816K
  class space    used 1138K, capacity 1279K, committed 1280K, reserved 1048576K
}
Event: 30.482 GC heap after
{Heap after GC invocations=37 (full 0):
 garbage-first heap   total 501760K, used 295997K [0x00000000c1c00000, 0x0000000100000000)
  region size 1024K, 1 young (1024K), 1 survivors (1024K)
 Metaspace       used 9704K, capacity 10016K, committed 10240K, reserved 1058816K
  class space    used 1138K, capacity 1279K, committed 1280K, reserved 1048576K
}
Event: 30.818 GC heap before
{Heap before GC invocations=38 (full 0):
 garbage-first heap   total 501760K, used 393277K [0x00000000c1c00000, 0x0000000100000000)
  region size 1024K, 96 young (98304K), 1 survivors (1024K)
 Metaspace       used 9704K, capacity 10016K, committed 10240K, reserved 1058816K
  class space    used 1138K, capacity 1279K, committed 1280K, reserved 1048576K
}
Event: 30.820 GC heap after
{Heap after GC invocations=39 (full 0):
 garbage-first heap   total 501760K, used 295963K [0x00000000c1c00000, 0x0000000100000000)
  region size 1024K, 1 young (1024K), 1 survivors (1024K)
 Metaspace       used 9704K, capacity 10016K, committed 10240K, reserved 1058816K
  class space    used 1138K, capacity 1279K, committed 1280K, reserved 1048576K
}
Event: 31.417 GC heap before
{Heap before GC invocations=39 (full 0):
 garbage-first heap   total 501760K, used 407579K [0x00000000c1c00000, 0x0000000100000000)
  region size 1024K, 110 young (112640K), 1 survivors (1024K)
 Metaspace       used 9704K, capacity 10016K, committed 10240K, reserved 1058816K
  class space    used 1138K, capacity 1279K, committed 1280K, reserved 1048576K
}
Event: 31.420 GC heap after
{Heap after GC invocations=40 (full 0):
 garbage-first heap   total 501760K, used 295960K [0x00000000c1c00000, 0x0000000100000000)
  region size 1024K, 1 young (1024K), 1 survivors (1024K)
 Metaspace       used 9704K, capacity 10016K, committed 10240K, reserved 1058816K
  class space    used 1138K, capacity 1279K, committed 1280K, reserved 1048576K
}
Event: 31.979 GC heap before
{Heap before GC invocations=41 (full 0):
 garbage-first heap   total 626688K, used 413720K [0x00000000c1c00000, 0x0000000100000000)
  region size 1024K, 119 young (121856K), 1 survivors (1024K)
 Metaspace       used 9704K, capacity 10016K, committed 10240K, reserved 1058816K
  class space    used 1138K, capacity 1279K, committed 1280K, reserved 1048576K
}
Event: 31.980 GC heap after
{Heap after GC invocations=42 (full 0):
 garbage-first heap   total 626688K, used 292886K [0x00000000c1c00000, 0x0000000100000000)
  region size 1024K, 1 young (1024K), 1 survivors (1024K)
 Metaspace       used 9704K, capacity 10016K, committed 10240K, reserved 1058816K
  class space    used 1138K, capacity 1279K, committed 1280K, reserved 1048576K
}
Event: 33.846 GC heap before
{Heap before GC invocations=42 (full 0):
 garbage-first heap   total 626688K, used 527382K [0x00000000c1c00000, 0x0000000100000000)
  region size 1024K, 230 young (235520K), 1 survivors (1024K)
 Metaspace       used 9705K, capacity 10016K, committed 10240K, reserved 1058816K
  class space    used 1138K, capacity 1279K, committed 1280K, reserved 1048576K
}
Event: 33.848 GC heap after
{Heap after GC invocations=43 (full 0):
 garbage-first heap   total 626688K, used 292894K [0x00000000c1c00000, 0x0000000100000000)
  region size 1024K, 1 young (1024K), 1 survivors (1024K)
 Metaspace       used 9705K, capacity 10016K, committed 10240K, reserved 1058816K
  class space    used 1138K, capacity 1279K, committed 1280K, reserved 1048576K
}
Event: 35.873 GC heap before
{Heap before GC invocations=44 (full 0):
 garbage-first heap   total 626688K, used 540702K [0x00000000c1c00000, 0x0000000100000000)
  region size 1024K, 243 young (248832K), 1 survivors (1024K)
 Metaspace       used 9705K, capacity 10016K, committed 10240K, reserved 1058816K
  class space    used 1138K, capacity 1279K, committed 1280K, reserved 1048576K
}
Event: 35.874 GC heap after
{Heap after GC invocations=45 (full 0):
 garbage-first heap   total 626688K, used 292903K [0x00000000c1c00000, 0x0000000100000000)
  region size 1024K, 1 young (1024K), 1 survivors (1024K)
 Metaspace       used 9705K, capacity 10016K, committed 10240K, reserved 1058816K
  class space    used 1138K, capacity 1279K, committed 1280K, reserved 1048576K
}
Event: 39.486 GC heap before
{Heap before GC invocations=45 (full 0):
 garbage-first heap   total 626688K, used 545831K [0x00000000c1c00000, 0x0000000100000000)
  region size 1024K, 248 young (253952K), 1 survivors (1024K)
 Metaspace       used 9705K, capacity 10016K, committed 10240K, reserved 1058816K
  class space    used 1138K, capacity 1279K, committed 1280K, reserved 1048576K
}
Event: 39.489 GC heap after
{Heap after GC invocations=46 (full 0):
 garbage-first heap   total 626688K, used 292921K [0x00000000c1c00000, 0x0000000100000000)
  region size 1024K, 1 young (1024K), 1 survivors (1024K)
 Metaspace       used 9705K, capacity 10016K, committed 10240K, reserved 1058816K
  class space    used 1138K, capacity 1279K, committed 1280K, reserved 1048576K
}
Event: 43.674 GC heap before
{Heap before GC invocations=47 (full 0):
 garbage-first heap   total 626688K, used 548921K [0x00000000c1c00000, 0x0000000100000000)
  region size 1024K, 251 young (257024K), 1 survivors (1024K)
 Metaspace       used 9705K, capacity 10016K, committed 10240K, reserved 1058816K
  class space    used 1138K, capacity 1279K, committed 1280K, reserved 1048576K
}
Event: 43.676 GC heap after
{Heap after GC invocations=48 (full 0):
 garbage-first heap   total 626688K, used 292943K [0x00000000c1c00000, 0x0000000100000000)
  region size 1024K, 1 young (1024K), 1 survivors (1024K)
 Metaspace       used 9705K, capacity 10016K, committed 10240K, reserved 1058816K
  class space    used 1138K, capacity 1279K, committed 1280K, reserved 1048576K
}
Event: 47.527 GC heap before
{Heap before GC invocations=48 (full 0):
 garbage-first heap   total 626688K, used 550991K [0x00000000c1c00000, 0x0000000100000000)
  region size 1024K, 253 young (259072K), 1 survivors (1024K)
 Metaspace       used 9705K, capacity 10016K, committed 10240K, reserved 1058816K
  class space    used 1138K, capacity 1279K, committed 1280K, reserved 1048576K
}
Event: 47.530 GC heap after
{Heap after GC invocations=49 (full 0):
 garbage-first heap   total 626688K, used 292947K [0x00000000c1c00000, 0x0000000100000000)
  region size 1024K, 1 young (1024K), 1 survivors (1024K)
 Metaspace       used 9705K, capacity 10016K, committed 10240K, reserved 1058816K
  class space    used 1138K, capacity 1279K, committed 1280K, reserved 1048576K
}
Event: 48.670 GC heap before
{Heap before GC invocations=50 (full 0):
 garbage-first heap   total 626688K, used 504915K [0x00000000c1c00000, 0x0000000100000000)
  region size 1024K, 209 young (214016K), 1 survivors (1024K)
 Metaspace       used 9726K, capacity 10016K, committed 10240K, reserved 1058816K
  class space    used 1138K, capacity 1279K, committed 1280K, reserved 1048576K
}
Event: 48.675 GC heap after
{Heap after GC invocations=51 (full 0):
 garbage-first heap   total 626688K, used 293332K [0x00000000c1c00000, 0x0000000100000000)
  region size 1024K, 1 young (1024K), 1 survivors (1024K)
 Metaspace       used 9726K, capacity 10016K, committed 10240K, reserved 1058816K
  class space    used 1138K, capacity 1279K, committed 1280K, reserved 1048576K
}

